\BOOKMARK [0][-]{chapter.1}{Introduction}{}% 1
\BOOKMARK [1][-]{section.1.1}{Problem Statement}{chapter.1}% 2
\BOOKMARK [1][-]{section.1.2}{Motivation}{chapter.1}% 3
\BOOKMARK [0][-]{chapter.2}{Background and Related Works}{}% 4
\BOOKMARK [0][-]{chapter.3}{Research Aims and Objectives}{}% 5
\BOOKMARK [1][-]{section.3.1}{Problem Statement}{chapter.3}% 6
\BOOKMARK [1][-]{section.3.2}{Motivation}{chapter.3}% 7
\BOOKMARK [1][-]{section.3.3}{Overall Aim}{chapter.3}% 8
\BOOKMARK [1][-]{section.3.4}{Specific Objectives}{chapter.3}% 9
\BOOKMARK [0][-]{chapter.4}{HDSS Sites Visualization Platform}{}% 10
\BOOKMARK [1][-]{section.4.1}{Scope of Research}{chapter.4}% 11
\BOOKMARK [1][-]{section.4.2}{Overview of the Solution}{chapter.4}% 12
\BOOKMARK [2][-]{subsection.4.2.1}{Scientific Portal}{section.4.2}% 13
\BOOKMARK [2][-]{subsection.4.2.2}{Data Operations Portal}{section.4.2}% 14
\BOOKMARK [2][-]{subsection.4.2.3}{Community Engagement Portal}{section.4.2}% 15
\BOOKMARK [0][-]{chapter.5}{Chapter Title}{}% 16
\BOOKMARK [1][-]{section.5.1}{Sub Title}{chapter.5}% 17
\BOOKMARK [0][-]{chapter.6}{Chapter Title}{}% 18
\BOOKMARK [1][-]{section.6.1}{Sub Title 1}{chapter.6}% 19
\BOOKMARK [1][-]{section.6.2}{Sub Title 2}{chapter.6}% 20
\BOOKMARK [0][-]{chapter.7}{Conclusion and Future Directions}{}% 21
\BOOKMARK [1][-]{section.7.1}{Summary of Research Contributions}{chapter.7}% 22
\BOOKMARK [0][-]{appendix.A}{Appendix}{}% 23
\BOOKMARK [1][-]{section.A.1}{XXX}{appendix.A}% 24
\BOOKMARK [0][-]{appendix*.5}{References}{}% 25
